Wed Apr 16 2025 16:52:55 [SERVER-NAME] info: [33mMaster process running with PID 27976[39m
Wed Apr 16 2025 16:52:55 [SERVER-NAME] info: [33mStarting 4 workers out of 16 available CPUs[39m
Wed Apr 16 2025 16:52:56 [SERVER-NAME] info: [32mWorker 31936 started[39m
Wed Apr 16 2025 16:52:56 [SERVER-NAME] info: [32mWorker 35232 started[39m
Wed Apr 16 2025 16:52:56 [SERVER-NAME] info: [32mWorker 32140 started[39m
Wed Apr 16 2025 16:52:56 [SERVER-NAME] info: [32mWorker 17652 started[39m
Wed Apr 16 2025 16:52:59 [SERVER-NAME] info: [32m🚀 Database connected successfully[39m
Wed Apr 16 2025 16:52:59 [SERVER-NAME] info: [32m🚀 Database connected successfully[39m
Wed Apr 16 2025 16:52:59 [SERVER-NAME] info: [32m🚀 Database connected successfully[39m
Wed Apr 16 2025 16:52:59 [SERVER-NAME] info: [32m🚀 Database connected successfully[39m
Wed Apr 16 2025 16:53:1 [SERVER-NAME] info: ✨ Super Admin account has been successfully created!
Wed Apr 16 2025 16:53:1 [SERVER-NAME] info: [33m♻️  Socket.io initialized on the same server[39m
Wed Apr 16 2025 16:53:1 [SERVER-NAME] info: Restarting worker 4 (attempt 1)
Wed Apr 16 2025 16:56:16 [SERVER-NAME] info: [33mMaster process running with PID 26156[39m
Wed Apr 16 2025 16:56:16 [SERVER-NAME] info: [33mStarting 4 workers out of 16 available CPUs[39m
Wed Apr 16 2025 16:56:16 [SERVER-NAME] info: [32mWorker 40328 started[39m
Wed Apr 16 2025 16:56:16 [SERVER-NAME] info: [32mWorker 30468 started[39m
Wed Apr 16 2025 16:56:16 [SERVER-NAME] info: [32mWorker 5952 started[39m
Wed Apr 16 2025 16:56:16 [SERVER-NAME] info: [32mWorker 5736 started[39m
Wed Apr 16 2025 16:56:19 [SERVER-NAME] info: [32m🚀 Database connected successfully[39m
Wed Apr 16 2025 16:56:19 [SERVER-NAME] info: [32m🚀 Database connected successfully[39m
Wed Apr 16 2025 16:56:19 [SERVER-NAME] info: [32m🚀 Database connected successfully[39m
Wed Apr 16 2025 16:56:19 [SERVER-NAME] info: [32m🚀 Database connected successfully[39m
Wed Apr 16 2025 16:56:21 [SERVER-NAME] info: Super Admin already exists.
Wed Apr 16 2025 16:56:21 [SERVER-NAME] info: [33m♻️  Socket.io initialized on the same server[39m
Wed Apr 16 2025 16:56:21 [SERVER-NAME] info: Restarting worker 1 (attempt 1)
Wed Apr 16 2025 16:56:21 [SERVER-NAME] info: Super Admin already exists.
Wed Apr 16 2025 16:56:21 [SERVER-NAME] info: [33m♻️  Socket.io initialized on the same server[39m
